# JRE version: OpenJDK Runtime Environment (8.0_152-b01) (build 1.8.0_152-release-1248-b01)
# Java VM: OpenJDK 64-Bit Server VM (25.152-b01 mixed mode windows-amd64 compressed oops)
Heap:
 PSYoungGen      total 451584K, used 220622K [0x00000000e0000000, 0x00000000ff880000, 0x0000000100000000)
  eden space 384512K, 49% used [0x00000000e0000000,0x00000000eba62948,0x00000000f7780000)
  from space 67072K, 44% used [0x00000000fb700000,0x00000000fd4110f0,0x00000000ff880000)
  to   space 65024K, 0% used [0x00000000f7780000,0x00000000f7780000,0x00000000fb700000)
 ParOldGen       total 217600K, used 137910K [0x00000000a0000000, 0x00000000ad480000, 0x00000000e0000000)
  object space 217600K, 63% used [0x00000000a0000000,0x00000000a86ada30,0x00000000ad480000)
 Metaspace       used 151555K, capacity 161678K, committed 161944K, reserved 1189888K
  class space    used 18695K, capacity 20548K, committed 20648K, reserved 1048576K
GC Heap History (10 events):
Event: 13141.159 GC heap before
{Heap before GC invocations=76 (full 4):
 PSYoungGen      total 397824K, used 397634K [0x00000000e0000000, 0x00000000fda80000, 0x0000000100000000)
  eden space 350720K, 100% used [0x00000000e0000000,0x00000000f5680000,0x00000000f5680000)
  from space 47104K, 99% used [0x00000000f6300000,0x00000000f90d08d0,0x00000000f9100000)
  to   space 67584K, 0% used [0x00000000f9880000,0x00000000f9880000,0x00000000fda80000)
 ParOldGen       total 217600K, used 122167K [0x00000000a0000000, 0x00000000ad480000, 0x00000000e0000000)
  object space 217600K, 56% used [0x00000000a0000000,0x00000000a774df50,0x00000000ad480000)
 Metaspace       used 149273K, capacity 159086K, committed 159384K, reserved 1187840K
  class space    used 18513K, capacity 20338K, committed 20392K, reserved 1048576K
Event: 13141.321 GC heap after
Heap after GC invocations=76 (full 4):
 PSYoungGen      total 401920K, used 51933K [0x00000000e0000000, 0x00000000fd600000, 0x0000000100000000)
  eden space 338944K, 0% used [0x00000000e0000000,0x00000000e0000000,0x00000000f4b00000)
  from space 62976K, 82% used [0x00000000f9880000,0x00000000fcb377e8,0x00000000fd600000)
  to   space 71168K, 0% used [0x00000000f4b00000,0x00000000f4b00000,0x00000000f9080000)
 ParOldGen       total 217600K, used 122167K [0x00000000a0000000, 0x00000000ad480000, 0x00000000e0000000)
  object space 217600K, 56% used [0x00000000a0000000,0x00000000a774df50,0x00000000ad480000)
 Metaspace       used 149273K, capacity 159086K, committed 159384K, reserved 1187840K
  class space    used 18513K, capacity 20338K, committed 20392K, reserved 1048576K
}
Event: 13145.271 GC heap before
{Heap before GC invocations=77 (full 4):
 PSYoungGen      total 401920K, used 390877K [0x00000000e0000000, 0x00000000fd600000, 0x0000000100000000)
  eden space 338944K, 100% used [0x00000000e0000000,0x00000000f4b00000,0x00000000f4b00000)
  from space 62976K, 82% used [0x00000000f9880000,0x00000000fcb377e8,0x00000000fd600000)
  to   space 71168K, 0% used [0x00000000f4b00000,0x00000000f4b00000,0x00000000f9080000)
 ParOldGen       total 217600K, used 122167K [0x00000000a0000000, 0x00000000ad480000, 0x00000000e0000000)
  object space 217600K, 56% used [0x00000000a0000000,0x00000000a774df50,0x00000000ad480000)
 Metaspace       used 151145K, capacity 161238K, committed 161432K, reserved 1189888K
  class space    used 18682K, capacity 20542K, committed 20648K, reserved 1048576K
Event: 13145.380 GC heap after
Heap after GC invocations=77 (full 4):
 PSYoungGen      total 410112K, used 47085K [0x00000000e0000000, 0x00000000ffb80000, 0x0000000100000000)
  eden space 338944K, 0% used [0x00000000e0000000,0x00000000e0000000,0x00000000f4b00000)
  from space 71168K, 66% used [0x00000000f4b00000,0x00000000f78fb418,0x00000000f9080000)
  to   space 72192K, 0% used [0x00000000fb500000,0x00000000fb500000,0x00000000ffb80000)
 ParOldGen       total 217600K, used 122175K [0x00000000a0000000, 0x00000000ad480000, 0x00000000e0000000)
  object space 217600K, 56% used [0x00000000a0000000,0x00000000a774ff50,0x00000000ad480000)
 Metaspace       used 151145K, capacity 161238K, committed 161432K, reserved 1189888K
  class space    used 18682K, capacity 20542K, committed 20648K, reserved 1048576K
}
Event: 13148.337 GC heap before
{Heap before GC invocations=78 (full 4):
 PSYoungGen      total 410112K, used 386029K [0x00000000e0000000, 0x00000000ffb80000, 0x0000000100000000)
  eden space 338944K, 100% used [0x00000000e0000000,0x00000000f4b00000,0x00000000f4b00000)
  from space 71168K, 66% used [0x00000000f4b00000,0x00000000f78fb418,0x00000000f9080000)
  to   space 72192K, 0% used [0x00000000fb500000,0x00000000fb500000,0x00000000ffb80000)
 ParOldGen       total 217600K, used 122175K [0x00000000a0000000, 0x00000000ad480000, 0x00000000e0000000)
  object space 217600K, 56% used [0x00000000a0000000,0x00000000a774ff50,0x00000000ad480000)
 Metaspace       used 151424K, capacity 161516K, committed 161688K, reserved 1189888K
  class space    used 18692K, capacity 20543K, committed 20648K, reserved 1048576K
Event: 13148.516 GC heap after
Heap after GC invocations=78 (full 4):
 PSYoungGen      total 449536K, used 26510K [0x00000000e0000000, 0x00000000ffd00000, 0x0000000100000000)
  eden space 377344K, 0% used [0x00000000e0000000,0x00000000e0000000,0x00000000f7080000)
  from space 72192K, 36% used [0x00000000fb500000,0x00000000fcee3aa0,0x00000000ffb80000)
  to   space 70144K, 0% used [0x00000000f7080000,0x00000000f7080000,0x00000000fb500000)
 ParOldGen       total 217600K, used 136958K [0x00000000a0000000, 0x00000000ad480000, 0x00000000e0000000)
  object space 217600K, 62% used [0x00000000a0000000,0x00000000a85bf968,0x00000000ad480000)
 Metaspace       used 151424K, capacity 161516K, committed 161688K, reserved 1189888K
  class space    used 18692K, capacity 20543K, committed 20648K, reserved 1048576K
}
Event: 13149.867 GC heap before
{Heap before GC invocations=79 (full 4):
 PSYoungGen      total 449536K, used 403854K [0x00000000e0000000, 0x00000000ffd00000, 0x0000000100000000)
  eden space 377344K, 100% used [0x00000000e0000000,0x00000000f7080000,0x00000000f7080000)
  from space 72192K, 36% used [0x00000000fb500000,0x00000000fcee3aa0,0x00000000ffb80000)
  to   space 70144K, 0% used [0x00000000f7080000,0x00000000f7080000,0x00000000fb500000)
 ParOldGen       total 217600K, used 136958K [0x00000000a0000000, 0x00000000ad480000, 0x00000000e0000000)
  object space 217600K, 62% used [0x00000000a0000000,0x00000000a85bf968,0x00000000ad480000)
 Metaspace       used 151480K, capacity 161608K, committed 161944K, reserved 1189888K
  class space    used 18695K, capacity 20547K, committed 20648K, reserved 1048576K
Event: 13149.947 GC heap after
Heap after GC invocations=79 (full 4):
 PSYoungGen      total 447488K, used 30149K [0x00000000e0000000, 0x00000000ff900000, 0x0000000100000000)
  eden space 377344K, 0% used [0x00000000e0000000,0x00000000e0000000,0x00000000f7080000)
  from space 70144K, 42% used [0x00000000f7080000,0x00000000f8df1708,0x00000000fb500000)
  to   space 67584K, 0% used [0x00000000fb700000,0x00000000fb700000,0x00000000ff900000)
 ParOldGen       total 217600K, used 137158K [0x00000000a0000000, 0x00000000ad480000, 0x00000000e0000000)
  object space 217600K, 63% used [0x00000000a0000000,0x00000000a85f19a8,0x00000000ad480000)
 Metaspace       used 151480K, capacity 161608K, committed 161944K, reserved 1189888K
  class space    used 18695K, capacity 20547K, committed 20648K, reserved 1048576K
}
Event: 13152.013 GC heap before
{Heap before GC invocations=80 (full 4):
 PSYoungGen      total 447488K, used 407493K [0x00000000e0000000, 0x00000000ff900000, 0x0000000100000000)
  eden space 377344K, 100% used [0x00000000e0000000,0x00000000f7080000,0x00000000f7080000)
  from space 70144K, 42% used [0x00000000f7080000,0x00000000f8df1708,0x00000000fb500000)
  to   space 67584K, 0% used [0x00000000fb700000,0x00000000fb700000,0x00000000ff900000)
 ParOldGen       total 217600K, used 137158K [0x00000000a0000000, 0x00000000ad480000, 0x00000000e0000000)
  object space 217600K, 63% used [0x00000000a0000000,0x00000000a85f19a8,0x00000000ad480000)
 Metaspace       used 151533K, capacity 161674K, committed 161944K, reserved 1189888K
  class space    used 18695K, capacity 20548K, committed 20648K, reserved 1048576K
Event: 13152.080 GC heap after
Heap after GC invocations=80 (full 4):
 PSYoungGen      total 451584K, used 29764K [0x00000000e0000000, 0x00000000ff880000, 0x0000000100000000)
  eden space 384512K, 0% used [0x00000000e0000000,0x00000000e0000000,0x00000000f7780000)
  from space 67072K, 44% used [0x00000000fb700000,0x00000000fd4110f0,0x00000000ff880000)
  to   space 65024K, 0% used [0x00000000f7780000,0x00000000f7780000,0x00000000fb700000)
 ParOldGen       total 217600K, used 137910K [0x00000000a0000000, 0x00000000ad480000, 0x00000000e0000000)
  object space 217600K, 63% used [0x00000000a0000000,0x00000000a86ada30,0x00000000ad480000)
 Metaspace       used 151533K, capacity 161674K, committed 161944K, reserved 1189888K
  class space    used 18695K, capacity 20548K, committed 20648K, reserved 1048576K
}

